# JRE version: Java(TM) SE Runtime Environment (8.0_231-b11) (build 1.8.0_231-b11)
# Java VM: Java HotSpot(TM) 64-Bit Server VM (25.231-b11 mixed mode windows-amd64 compressed oops)
Heap:
 PSYoungGen      total 125952K, used 46069K [0x00000000dad80000, 0x00000000e5300000, 0x0000000100000000)
  eden space 92160K, 16% used [0x00000000dad80000,0x00000000dbc385e0,0x00000000e0780000)
  from space 33792K, 91% used [0x00000000e2c00000,0x00000000e4a45030,0x00000000e4d00000)
  to   space 37376K, 0% used [0x00000000e0780000,0x00000000e0780000,0x00000000e2c00000)
 ParOldGen       total 312320K, used 243581K [0x0000000090800000, 0x00000000a3900000, 0x00000000dad80000)
  object space 312320K, 77% used [0x0000000090800000,0x000000009f5df660,0x00000000a3900000)
 Metaspace       used 18207K, capacity 18470K, committed 18816K, reserved 1067008K
  class space    used 2081K, capacity 2135K, committed 2176K, reserved 1048576K
GC Heap History (10 events):
Event: 187.272 GC heap before
{Heap before GC invocations=75 (full 5):
 PSYoungGen      total 106496K, used 78832K [0x00000000dad80000, 0x00000000e3d80000, 0x0000000100000000)
  eden space 72192K, 100% used [0x00000000dad80000,0x00000000df400000,0x00000000df400000)
  from space 34304K, 19% used [0x00000000df400000,0x00000000dfa7c030,0x00000000e1580000)
  to   space 33792K, 0% used [0x00000000e1c80000,0x00000000e1c80000,0x00000000e3d80000)
 ParOldGen       total 312320K, used 236839K [0x0000000090800000, 0x00000000a3900000, 0x00000000dad80000)
  object space 312320K, 75% used [0x0000000090800000,0x000000009ef49ff0,0x00000000a3900000)
 Metaspace       used 18159K, capacity 18406K, committed 18560K, reserved 1064960K
  class space    used 2077K, capacity 2135K, committed 2176K, reserved 1048576K
Event: 187.294 GC heap after
Heap after GC invocations=75 (full 5):
 PSYoungGen      total 113664K, used 7540K [0x00000000dad80000, 0x00000000e3d80000, 0x0000000100000000)
  eden space 79872K, 0% used [0x00000000dad80000,0x00000000dad80000,0x00000000dfb80000)
  from space 33792K, 22% used [0x00000000e1c80000,0x00000000e23dd080,0x00000000e3d80000)
  to   space 33792K, 0% used [0x00000000dfb80000,0x00000000dfb80000,0x00000000e1c80000)
 ParOldGen       total 312320K, used 242039K [0x0000000090800000, 0x00000000a3900000, 0x00000000dad80000)
  object space 312320K, 77% used [0x0000000090800000,0x000000009f45dc50,0x00000000a3900000)
 Metaspace       used 18159K, capacity 18406K, committed 18560K, reserved 1064960K
  class space    used 2077K, capacity 2135K, committed 2176K, reserved 1048576K
}
Event: 190.578 GC heap before
{Heap before GC invocations=76 (full 5):
 PSYoungGen      total 113664K, used 87412K [0x00000000dad80000, 0x00000000e3d80000, 0x0000000100000000)
  eden space 79872K, 100% used [0x00000000dad80000,0x00000000dfb80000,0x00000000dfb80000)
  from space 33792K, 22% used [0x00000000e1c80000,0x00000000e23dd080,0x00000000e3d80000)
  to   space 33792K, 0% used [0x00000000dfb80000,0x00000000dfb80000,0x00000000e1c80000)
 ParOldGen       total 312320K, used 242039K [0x0000000090800000, 0x00000000a3900000, 0x00000000dad80000)
  object space 312320K, 77% used [0x0000000090800000,0x000000009f45dc50,0x00000000a3900000)
 Metaspace       used 18162K, capacity 18406K, committed 18560K, reserved 1064960K
  class space    used 2077K, capacity 2135K, committed 2176K, reserved 1048576K
Event: 190.590 GC heap after
Heap after GC invocations=76 (full 5):
 PSYoungGen      total 113664K, used 12219K [0x00000000dad80000, 0x00000000e4380000, 0x0000000100000000)
  eden space 79872K, 0% used [0x00000000dad80000,0x00000000dad80000,0x00000000dfb80000)
  from space 33792K, 36% used [0x00000000dfb80000,0x00000000e076ece0,0x00000000e1c80000)
  to   space 32768K, 0% used [0x00000000e2380000,0x00000000e2380000,0x00000000e4380000)
 ParOldGen       total 312320K, used 243573K [0x0000000090800000, 0x00000000a3900000, 0x00000000dad80000)
  object space 312320K, 77% used [0x0000000090800000,0x000000009f5dd660,0x00000000a3900000)
 Metaspace       used 18162K, capacity 18406K, committed 18560K, reserved 1064960K
  class space    used 2077K, capacity 2135K, committed 2176K, reserved 1048576K
}
Event: 193.886 GC heap before
{Heap before GC invocations=77 (full 5):
 PSYoungGen      total 113664K, used 92091K [0x00000000dad80000, 0x00000000e4380000, 0x0000000100000000)
  eden space 79872K, 100% used [0x00000000dad80000,0x00000000dfb80000,0x00000000dfb80000)
  from space 33792K, 36% used [0x00000000dfb80000,0x00000000e076ece0,0x00000000e1c80000)
  to   space 32768K, 0% used [0x00000000e2380000,0x00000000e2380000,0x00000000e4380000)
 ParOldGen       total 312320K, used 243573K [0x0000000090800000, 0x00000000a3900000, 0x00000000dad80000)
  object space 312320K, 77% used [0x0000000090800000,0x000000009f5dd660,0x00000000a3900000)
 Metaspace       used 18167K, capacity 18406K, committed 18560K, reserved 1064960K
  class space    used 2077K, capacity 2135K, committed 2176K, reserved 1048576K
Event: 193.900 GC heap after
Heap after GC invocations=77 (full 5):
 PSYoungGen      total 117760K, used 17730K [0x00000000dad80000, 0x00000000e4100000, 0x0000000100000000)
  eden space 87552K, 0% used [0x00000000dad80000,0x00000000dad80000,0x00000000e0300000)
  from space 30208K, 58% used [0x00000000e2380000,0x00000000e34d0940,0x00000000e4100000)
  to   space 31744K, 0% used [0x00000000e0300000,0x00000000e0300000,0x00000000e2200000)
 ParOldGen       total 312320K, used 243581K [0x0000000090800000, 0x00000000a3900000, 0x00000000dad80000)
  object space 312320K, 77% used [0x0000000090800000,0x000000009f5df660,0x00000000a3900000)
 Metaspace       used 18167K, capacity 18406K, committed 18560K, reserved 1064960K
  class space    used 2077K, capacity 2135K, committed 2176K, reserved 1048576K
}
Event: 197.222 GC heap before
{Heap before GC invocations=78 (full 5):
 PSYoungGen      total 117760K, used 105282K [0x00000000dad80000, 0x00000000e4100000, 0x0000000100000000)
  eden space 87552K, 100% used [0x00000000dad80000,0x00000000e0300000,0x00000000e0300000)
  from space 30208K, 58% used [0x00000000e2380000,0x00000000e34d0940,0x00000000e4100000)
  to   space 31744K, 0% used [0x00000000e0300000,0x00000000e0300000,0x00000000e2200000)
 ParOldGen       total 312320K, used 243581K [0x0000000090800000, 0x00000000a3900000, 0x00000000dad80000)
  object space 312320K, 77% used [0x0000000090800000,0x000000009f5df660,0x00000000a3900000)
 Metaspace       used 18170K, capacity 18406K, committed 18560K, reserved 1064960K
  class space    used 2077K, capacity 2135K, committed 2176K, reserved 1048576K
Event: 197.240 GC heap after
Heap after GC invocations=78 (full 5):
 PSYoungGen      total 119296K, used 25715K [0x00000000dad80000, 0x00000000e4d00000, 0x0000000100000000)
  eden space 87552K, 0% used [0x00000000dad80000,0x00000000dad80000,0x00000000e0300000)
  from space 31744K, 81% used [0x00000000e0300000,0x00000000e1c1cdf0,0x00000000e2200000)
  to   space 33792K, 0% used [0x00000000e2c00000,0x00000000e2c00000,0x00000000e4d00000)
 ParOldGen       total 312320K, used 243581K [0x0000000090800000, 0x00000000a3900000, 0x00000000dad80000)
  object space 312320K, 77% used [0x0000000090800000,0x000000009f5df660,0x00000000a3900000)
 Metaspace       used 18170K, capacity 18406K, committed 18560K, reserved 1064960K
  class space    used 2077K, capacity 2135K, committed 2176K, reserved 1048576K
}
Event: 223.166 GC heap before
{Heap before GC invocations=79 (full 5):
 PSYoungGen      total 119296K, used 113267K [0x00000000dad80000, 0x00000000e4d00000, 0x0000000100000000)
  eden space 87552K, 100% used [0x00000000dad80000,0x00000000e0300000,0x00000000e0300000)
  from space 31744K, 81% used [0x00000000e0300000,0x00000000e1c1cdf0,0x00000000e2200000)
  to   space 33792K, 0% used [0x00000000e2c00000,0x00000000e2c00000,0x00000000e4d00000)
 ParOldGen       total 312320K, used 243581K [0x0000000090800000, 0x00000000a3900000, 0x00000000dad80000)
  object space 312320K, 77% used [0x0000000090800000,0x000000009f5df660,0x00000000a3900000)
 Metaspace       used 18188K, capacity 18470K, committed 18816K, reserved 1067008K
  class space    used 2077K, capacity 2135K, committed 2176K, reserved 1048576K
Event: 223.187 GC heap after
Heap after GC invocations=79 (full 5):
 PSYoungGen      total 125952K, used 30996K [0x00000000dad80000, 0x00000000e5300000, 0x0000000100000000)
  eden space 92160K, 0% used [0x00000000dad80000,0x00000000dad80000,0x00000000e0780000)
  from space 33792K, 91% used [0x00000000e2c00000,0x00000000e4a45030,0x00000000e4d00000)
  to   space 37376K, 0% used [0x00000000e0780000,0x00000000e0780000,0x00000000e2c00000)
 ParOldGen       total 312320K, used 243581K [0x0000000090800000, 0x00000000a3900000, 0x00000000dad80000)
  object space 312320K, 77% used [0x0000000090800000,0x000000009f5df660,0x00000000a3900000)
 Metaspace       used 18188K, capacity 18470K, committed 18816K, reserved 1067008K
  class space    used 2077K, capacity 2135K, committed 2176K, reserved 1048576K
}

